<?xml version="1.0" encoding="UTF-8"?>
<!-- Generated by org.testng.reporters.JUnitXMLReporter -->
<testsuite ignored="0" hostname="LAPTOP-PCCUKN8F" failures="2" tests="2" name="Surefire test" time="8.127" errors="0" timestamp="2023-06-05T13:42:41 CDT">
  <testcase classname="com.automation.tests.AutomationScripts" name="login_Error_Message_1" time="0.011">
    <failure type="java.lang.NullPointerException" message="Cannot invoke &amp;quot;com.aventstack.extentreports.ExtentTest.log(com.aventstack.extentreports.Status, String)&amp;quot; because &amp;quot;com.automation.utility.ExtentReportsUtility.testLogger&amp;quot; is null">
      <![CDATA[java.lang.NullPointerException: Cannot invoke "com.aventstack.extentreports.ExtentTest.log(com.aventstack.extentreports.Status, String)" because "com.automation.utility.ExtentReportsUtility.testLogger" is null
at com.automation.utility.ExtentReportsUtility.logTestInfo(ExtentReportsUtility.java:50)
at com.automation.base.BaseTest.verifyTittle(BaseTest.java:83)
at com.automation.tests.AutomationScripts.login_Error_Message_1(AutomationScripts.java:38)
at java.base/java.util.ArrayList.forEach(ArrayList.java:1511)
... Removed 32 stack frames]]>
    </failure>
  </testcase> <!-- login_Error_Message_1 -->
  <testcase classname="com.automation.tests.AutomationScripts" name="login_Success_2" time="0.009">
    <failure type="java.lang.NullPointerException" message="Cannot invoke &amp;quot;com.aventstack.extentreports.ExtentTest.log(com.aventstack.extentreports.Status, String)&amp;quot; because &amp;quot;com.automation.utility.ExtentReportsUtility.testLogger&amp;quot; is null">
      <![CDATA[java.lang.NullPointerException: Cannot invoke "com.aventstack.extentreports.ExtentTest.log(com.aventstack.extentreports.Status, String)" because "com.automation.utility.ExtentReportsUtility.testLogger" is null
at com.automation.utility.ExtentReportsUtility.logTestInfo(ExtentReportsUtility.java:50)
at com.automation.base.BaseTest.verifyTittle(BaseTest.java:83)
at com.automation.tests.AutomationScripts.login_Success_2(AutomationScripts.java:65)
at java.base/java.util.ArrayList.forEach(ArrayList.java:1511)
... Removed 32 stack frames]]>
    </failure>
  </testcase> <!-- login_Success_2 -->
</testsuite> <!-- Surefire test -->
