<?xml version="1.0" encoding="UTF-8"?>
<testng-results ignored="38" total="39" passed="1" failed="0" skipped="0">
  <reporter-output>
  </reporter-output>
  <suite started-at="2023-06-19T12:55:32 CDT" name="Default suite" finished-at="2023-06-19T12:56:25 CDT" duration-ms="52753">
    <groups>
    </groups>
    <test started-at="2023-06-19T12:55:32 CDT" name="Default test" finished-at="2023-06-19T12:56:25 CDT" duration-ms="52753">
      <class name="com.automation.tests.AutomationScripts">
        <test-method is-config="true" signature="setUpForBeforeTest()[pri:0, instance:com.automation.tests.AutomationScripts@740cae06]" started-at="2023-06-19T12:55:32 CDT" name="setUpForBeforeTest" finished-at="2023-06-19T12:55:33 CDT" duration-ms="382" status="PASS">
          <reporter-output>
          </reporter-output>
        </test-method> <!-- setUpForBeforeTest -->
        <test-method is-config="true" signature="setUpBeforeTestMethod(java.lang.String)[pri:0, instance:com.automation.tests.AutomationScripts@740cae06]" started-at="2023-06-19T12:55:33 CDT" name="setUpBeforeTestMethod" finished-at="2023-06-19T12:55:35 CDT" duration-ms="2351" status="PASS">
          <params>
            <param index="0">
              <value>
                <![CDATA[chrome]]>
              </value>
            </param>
          </params>
          <reporter-output>
          </reporter-output>
        </test-method> <!-- setUpBeforeTestMethod -->
        <test-method signature="user_Menu_MySettings_07()[pri:0, instance:com.automation.tests.AutomationScripts@740cae06]" started-at="2023-06-19T12:55:35 CDT" name="user_Menu_MySettings_07" finished-at="2023-06-19T12:56:25 CDT" duration-ms="49986" status="PASS">
          <reporter-output>
          </reporter-output>
        </test-method> <!-- user_Menu_MySettings_07 -->
      </class> <!-- com.automation.tests.AutomationScripts -->
    </test> <!-- Default test -->
  </suite> <!-- Default suite -->
</testng-results>
