<?xml version="1.0" encoding="UTF-8"?>
<!-- Generated by org.testng.reporters.JUnitXMLReporter -->
<testsuite ignored="38" hostname="LAPTOP-PCCUKN8F" failures="0" tests="1" name="Default test" time="52.753" errors="0" timestamp="2023-06-19T12:56:25 CDT">
  <testcase classname="com.automation.tests.AutomationScripts" name="user_Menu_MySettings_07" time="49.986"/>
  <testcase classname="com.automation.tests.AutomationScripts" name="login_Error_Message_1" time="0.0">
    <ignored/>
  </testcase> <!-- login_Error_Message_1 -->
  <testcase classname="com.automation.tests.AutomationScripts" name="test_lead_select_logout_relogin_22" time="0.0">
    <ignored/>
  </testcase> <!-- test_lead_select_logout_relogin_22 -->
  <testcase classname="com.automation.tests.AutomationScripts" name="test_opty_pipeline_17" time="0.0">
    <ignored/>
  </testcase> <!-- test_opty_pipeline_17 -->
  <testcase classname="com.automation.tests.AutomationScripts" name="opty_CreateNew_16" time="0.0">
    <ignored/>
  </testcase> <!-- opty_CreateNew_16 -->
  <testcase classname="com.automation.tests.AutomationScripts" name="test_lead_new_24" time="0.0">
    <ignored/>
  </testcase> <!-- test_lead_new_24 -->
  <testcase classname="com.automation.tests.AutomationScripts" name="test_contacts_recentContact_29" time="0.0">
    <ignored/>
  </testcase> <!-- test_contacts_recentContact_29 -->
  <testcase classname="com.automation.tests.AutomationScripts" name="random_Menu_MyProfile_34" time="0.0">
    <ignored/>
  </testcase> <!-- random_Menu_MyProfile_34 -->
  <testcase classname="com.automation.tests.AutomationScripts" name="test_contacts_newView_Error_30" time="0.0">
    <ignored/>
  </testcase> <!-- test_contacts_newView_Error_30 -->
  <testcase classname="com.automation.tests.AutomationScripts" name="mergeAccount_13" time="0.0">
    <ignored/>
  </testcase> <!-- mergeAccount_13 -->
  <testcase classname="com.automation.tests.AutomationScripts" name="test_opty_Report_19" time="0.0">
    <ignored/>
  </testcase> <!-- test_opty_Report_19 -->
  <testcase classname="com.automation.tests.AutomationScripts" name="logout_09" time="0.0">
    <ignored/>
  </testcase> <!-- logout_09 -->
  <testcase classname="com.automation.tests.AutomationScripts" name="test_contacts_recentlyCreated_27" time="0.0">
    <ignored/>
  </testcase> <!-- test_contacts_recentlyCreated_27 -->
  <testcase classname="com.automation.tests.AutomationScripts" name="user_Menu_dropdown_05" time="0.0">
    <ignored/>
  </testcase> <!-- user_Menu_dropdown_05 -->
  <testcase classname="com.automation.tests.AutomationScripts" name="user_Menu_MyProfile_06" time="0.0">
    <ignored/>
  </testcase> <!-- user_Menu_MyProfile_06 -->
  <testcase classname="com.automation.tests.AutomationScripts" name="Forgot_Password_04A" time="0.0">
    <ignored/>
  </testcase> <!-- Forgot_Password_04A -->
  <testcase classname="com.automation.tests.AutomationScripts" name="test_opty_Stuck_18" time="0.0">
    <ignored/>
  </testcase> <!-- test_opty_Stuck_18 -->
  <testcase classname="com.automation.tests.AutomationScripts" name="user_Menu_MyProfile_06A_Photo" time="0.0">
    <ignored/>
  </testcase> <!-- user_Menu_MyProfile_06A_Photo -->
  <testcase classname="com.automation.tests.AutomationScripts" name="test_lead_dropdown_21" time="0.0">
    <ignored/>
  </testcase> <!-- test_lead_dropdown_21 -->
  <testcase classname="com.automation.tests.AutomationScripts" name="random_home_calendar_36" time="0.0">
    <ignored/>
  </testcase> <!-- random_home_calendar_36 -->
  <testcase classname="com.automation.tests.AutomationScripts" name="accountReport_14" time="0.0">
    <ignored/>
  </testcase> <!-- accountReport_14 -->
  <testcase classname="com.automation.tests.AutomationScripts" name="check_Remember_Me_03" time="0.0">
    <ignored/>
  </testcase> <!-- check_Remember_Me_03 -->
  <testcase classname="com.automation.tests.AutomationScripts" name="random_home_FN_LN_33" time="0.0">
    <ignored/>
  </testcase> <!-- random_home_FN_LN_33 -->
  <testcase classname="com.automation.tests.AutomationScripts" name="test_contacts_newView_31" time="0.0">
    <ignored/>
  </testcase> <!-- test_contacts_newView_31 -->
  <testcase classname="com.automation.tests.AutomationScripts" name="test_Mycontacts_28" time="0.0">
    <ignored/>
  </testcase> <!-- test_Mycontacts_28 -->
  <testcase classname="com.automation.tests.AutomationScripts" name="user_Menu_DeveloperConsole_08" time="0.0">
    <ignored/>
  </testcase> <!-- user_Menu_DeveloperConsole_08 -->
  <testcase classname="com.automation.tests.AutomationScripts" name="editView_12" time="0.0">
    <ignored/>
  </testcase> <!-- editView_12 -->
  <testcase classname="com.automation.tests.AutomationScripts" name="test_lead_todayLeads_23" time="0.0">
    <ignored/>
  </testcase> <!-- test_lead_todayLeads_23 -->
  <testcase classname="com.automation.tests.AutomationScripts" name="login_Success_2" time="0.0">
    <ignored/>
  </testcase> <!-- login_Success_2 -->
  <testcase classname="com.automation.tests.AutomationScripts" name="test_contacts_new_25" time="0.0">
    <ignored/>
  </testcase> <!-- test_contacts_new_25 -->
  <testcase classname="com.automation.tests.AutomationScripts" name="random_AllTabs_35" time="0.0">
    <ignored/>
  </testcase> <!-- random_AllTabs_35 -->
  <testcase classname="com.automation.tests.AutomationScripts" name="opty_Menu_dropdown_15" time="0.0">
    <ignored/>
  </testcase> <!-- opty_Menu_dropdown_15 -->
  <testcase classname="com.automation.tests.AutomationScripts" name="createNewView_11" time="0.0">
    <ignored/>
  </testcase> <!-- createNewView_11 -->
  <testcase classname="com.automation.tests.AutomationScripts" name="test_lead_20" time="0.0">
    <ignored/>
  </testcase> <!-- test_lead_20 -->
  <testcase classname="com.automation.tests.AutomationScripts" name="random_home_calendar_Details_37" time="0.0">
    <ignored/>
  </testcase> <!-- random_home_calendar_Details_37 -->
  <testcase classname="com.automation.tests.AutomationScripts" name="Forgot_Password_04B" time="0.0">
    <ignored/>
  </testcase> <!-- Forgot_Password_04B -->
  <testcase classname="com.automation.tests.AutomationScripts" name="test_contacts_newView_26" time="0.0">
    <ignored/>
  </testcase> <!-- test_contacts_newView_26 -->
  <testcase classname="com.automation.tests.AutomationScripts" name="createAccounts_10" time="0.0">
    <ignored/>
  </testcase> <!-- createAccounts_10 -->
  <testcase classname="com.automation.tests.AutomationScripts" name="test_contacts_newView_32" time="0.0">
    <ignored/>
  </testcase> <!-- test_contacts_newView_32 -->
</testsuite> <!-- Default test -->
